[handleMsg]:  {
  key: {
    remoteJid: '51988091031@s.whatsapp.net',
    fromMe: false,
    id: 'AE84C7BD8BEFED0D14',
    participant: undefined
  },
  messageTimestamp: 1720688749,
  pushName: 'Junior PC',
  broadcast: false,
  message: Message {
    extendedTextMessage: ExtendedTextMessage { text: 'hola', contextInfo: [ContextInfo] },
    messageContextInfo: MessageContextInfo {
      deviceListMetadata: [DeviceListMetadata],
      deviceListMetadataVersion: 2
    }
  },
  body: 'hola',
  from: '51988091031'
}
[QUEUE_SE_ENVIO]:  {
  ref: 'ans_87713ae4-8d07-41da-b195-fb599879d51b',
  keyword: 'key_485eecba-20cc-460e-8a3e-7fd3893022c0',
  answer: '¡Bienvenido a GIDALIN IMPORTACIONES! Descubrela mejor calidad en productos importados y un servicio excepcional.🌟 ¿En qué puedo ayudarte hoy? ✨Estamos para apoyarte. ',
  options: {
    media: null,
    buttons: [],
    capture: false,
    child: null,
    delay: 0,
    idle: null,
    ref: null,
    nested: [],
    keyword: {},
    callback: false
  },
  refSerialize: '43c067baeea5eda496b70c7ed63d4393'
}
[QUEUE_SE_ENVIO]:  {
  ref: 'ans_e9de5b5b-b13e-4a48-a64b-3b030320e4cf',
  keyword: 'ans_87713ae4-8d07-41da-b195-fb599879d51b',
  answer: 'Escribe *informacion* para ver las opciones',
  options: {
    media: null,
    buttons: [],
    capture: false,
    child: null,
    delay: 100,
    idle: null,
    ref: null,
    nested: [],
    keyword: {},
    callback: true
  },
  refSerialize: 'efe2ee9c9d0003ff3eb85a868efbfc8e'
}
[handleMsg]:  {
  key: {
    remoteJid: '51988091031@s.whatsapp.net',
    fromMe: false,
    id: '3CCC501D3A285DA5A7',
    participant: undefined
  },
  messageTimestamp: 1720688753,
  pushName: 'Junior PC',
  broadcast: false,
  message: Message {
    extendedTextMessage: ExtendedTextMessage { text: 'info', contextInfo: [ContextInfo] },
    messageContextInfo: MessageContextInfo {
      deviceListMetadata: [DeviceListMetadata],
      deviceListMetadataVersion: 2
    }
  },
  body: 'info',
  from: '51988091031'
}
[QUEUE_SE_ENVIO]:  {
  ref: 'ans_f69cea5b-21f0-4b4f-9b55-b1bdd2f79779',
  keyword: 'key_1576af20-38e6-4948-8279-d7f0a5f621ec',
  answer: 'Te comparto las siguientes opciones para poder atenderte.\r\n' +
    '📅 *horario* para ver el horario de atecncion\r\n' +
    '📞 *contacto* para contactarse con el Dueño\r\n' +
    '🚩 *ubicacion* para ver la ubicacion de la tienda fisica\r\n' +
    '🛒 *producto* aqui veras el catalogo\r\n' +
    '🧠 *consulta* para hablar con un asesor inteligente\r\n' +
    '\r\n' +
    '*salir*',
  options: {
    media: null,
    buttons: [],
    capture: true,
    child: null,
    delay: 0,
    idle: null,
    ref: null,
    nested: [],
    keyword: {},
    callback: true
  },
  refSerialize: '6e5a64b38afc62d5a576d893ce7c1f6d'
}
[handleMsg]:  {
  key: {
    remoteJid: '51988091031@s.whatsapp.net',
    fromMe: false,
    id: '49ECA07139FDA770FF',
    participant: undefined
  },
  messageTimestamp: 1720688756,
  pushName: 'Junior PC',
  broadcast: false,
  message: Message {
    extendedTextMessage: ExtendedTextMessage {
      text: 'consulta',
      contextInfo: [ContextInfo]
    },
    messageContextInfo: MessageContextInfo {
      deviceListMetadata: [DeviceListMetadata],
      deviceListMetadataVersion: 2
    }
  },
  body: 'consulta',
  from: '51988091031'
}
[handleMsg]:  {
  key: {
    remoteJid: '51988091031@s.whatsapp.net',
    fromMe: false,
    id: '7139CA1627EBAB0A43',
    participant: undefined
  },
  messageTimestamp: 1720688759,
  pushName: 'Junior PC',
  broadcast: false,
  message: Message {
    extendedTextMessage: ExtendedTextMessage {
      text: 'como etas',
      contextInfo: [ContextInfo]
    },
    messageContextInfo: MessageContextInfo {
      deviceListMetadata: [DeviceListMetadata],
      deviceListMetadataVersion: 2
    }
  },
  body: 'como etas',
  from: '51988091031'
}
